17:24:29.033 logback [main] INFO  org.honeybee.Application 55 - Starting Application on USER-20200630HD with PID 8352 (F:\project\spring-cloud-platform\generic-index\target\classes started by Administrator in F:\project\spring-cloud-platform)
17:24:29.035 logback [main] INFO  org.honeybee.Application 655 - The following profiles are active: dev
17:24:33.606 logback [main] INFO  o.s.b.w.e.tomcat.TomcatWebServer 108 - Tomcat initialized with port(s): 8090 (http)
17:24:33.631 logback [main] INFO  o.a.coyote.http11.Http11NioProtocol 173 - Initializing ProtocolHandler ["http-nio-8090"]
17:24:33.633 logback [main] INFO  o.a.catalina.core.StandardService 173 - Starting service [Tomcat]
17:24:33.636 logback [main] INFO  o.a.catalina.core.StandardEngine 173 - Starting Servlet engine: [Apache Tomcat/9.0.36]
17:24:33.928 logback [main] INFO  o.a.c.c.C.[Tomcat].[localhost].[/] 173 - Initializing Spring embedded WebApplicationContext
17:24:33.929 logback [main] INFO  o.s.b.w.s.c.ServletWebServerApplicationContext 285 - Root WebApplicationContext: initialization completed in 4809 ms
17:24:34.187 logback [main] INFO  o.h.m.config.MybatisPlusConfig 22 - ==========注册分页插件==========
17:24:34.220 logback [main] INFO  c.a.d.s.b.a.DruidDataSourceAutoConfigure 56 - Init DruidDataSource
17:24:35.684 logback [main] INFO  c.alibaba.druid.pool.DruidDataSource 1003 - {dataSource-1} inited
17:24:37.681 logback [main] INFO  o.s.s.c.ThreadPoolTaskExecutor 181 - Initializing ExecutorService 'applicationTaskExecutor'
17:24:38.138 logback [main] INFO  o.f.c.i.license.VersionPrinter 49 - Flyway Community Edition 5.2.4 by Boxfuse
17:24:38.142 logback [main] INFO  o.f.c.i.database.DatabaseFactory 49 - Database: jdbc:mysql://139.196.137.238:3306/spring_cloud_platform (MySQL 5.7)
17:24:38.460 logback [main] INFO  o.f.core.internal.command.DbValidate 49 - Successfully validated 2 migrations (execution time 00:00.129s)
17:24:38.699 logback [main] INFO  o.f.core.internal.command.DbMigrate 49 - Current version of schema `spring_cloud_platform`: 2
17:24:38.717 logback [main] INFO  o.f.core.internal.command.DbMigrate 49 - Schema `spring_cloud_platform` is up to date. No migration necessary.
17:24:38.882 logback [main] INFO  o.a.coyote.http11.Http11NioProtocol 173 - Starting ProtocolHandler ["http-nio-8090"]
17:24:38.923 logback [main] INFO  o.s.b.w.e.tomcat.TomcatWebServer 220 - Tomcat started on port(s): 8090 (http) with context path ''
17:24:39.047 logback [main] INFO  org.honeybee.Application 61 - Started Application in 11.319 seconds (JVM running for 13.749)
17:28:38.619 logback [http-nio-8090-exec-1] INFO  o.a.c.c.C.[Tomcat].[localhost].[/] 173 - Initializing Spring DispatcherServlet 'dispatcherServlet'
17:28:38.620 logback [http-nio-8090-exec-1] INFO  o.s.web.servlet.DispatcherServlet 525 - Initializing Servlet 'dispatcherServlet'
17:28:38.638 logback [http-nio-8090-exec-1] INFO  o.s.web.servlet.DispatcherServlet 547 - Completed initialization in 18 ms
17:28:38.884 logback [http-nio-8090-exec-1] INFO  o.h.m.controller.StudentController 34 - Student(name=马话疼, age=20, identity=NORMAL, deleteStatus=EXISTED)
